[    0.000000] Initializing cgroup subsys cpuset
[    0.000000] Initializing cgroup subsys cpu
[    0.000000] Initializing cgroup subsys cpuacct
[    0.000000] Linux version 4.4.0-210-generic (buildd@lgw01-amd64-009) (gcc version 5.4.0 20160609 (Ubuntu 5.4.0-6ubuntu1~16.04.12) ) #242-Ubuntu SMP Fri Apr 16 09:57:56 UTC 2021 (Ubuntu 4.4.0-210.242-generic 4.4.262)
[    0.000000] Command line: BOOT_IMAGE=/boot/vmlinuz-4.4.0-210-generic root=LABEL=cloudimg-rootfs ro console=tty1 console=ttyS0
[    0.000000] KERNEL supported cpus:
[    0.000000]   Intel GenuineIntel
[    0.000000]   AMD AuthenticAMD
[    0.000000]   Centaur CentaurHauls
[    0.000000] x86/fpu: xstate_offset[2]:  576, xstate_sizes[2]:  256
[    0.000000] x86/fpu: Supporting XSAVE feature 0x01: 'x87 floating point registers'
[    0.000000] x86/fpu: Supporting XSAVE feature 0x02: 'SSE registers'
[    0.000000] x86/fpu: Supporting XSAVE feature 0x04: 'AVX registers'
[    0.000000] x86/fpu: Enabled xstate features 0x7, context size is 832 bytes, using 'standard' format.
[    0.000000] e820: BIOS-provided physical RAM map:
[    0.000000] BIOS-e820: [mem 0x0000000000000000-0x000000000009fbff] usable
[    0.000000] BIOS-e820: [mem 0x000000000009fc00-0x000000000009ffff] reserved
[    0.000000] BIOS-e820: [mem 0x00000000000f0000-0x00000000000fffff] reserved
[    0.000000] BIOS-e820: [mem 0x0000000000100000-0x000000003ffeffff] usable
[    0.000000] BIOS-e820: [mem 0x000000003fff0000-0x000000003fffffff] ACPI data
[    0.000000] BIOS-e820: [mem 0x00000000fec00000-0x00000000fec00fff] reserved
[    0.000000] BIOS-e820: [mem 0x00000000fee00000-0x00000000fee00fff] reserved
[    0.000000] BIOS-e820: [mem 0x00000000fffc0000-0x00000000ffffffff] reserved
[    0.000000] NX (Execute Disable) protection: active
[    0.000000] SMBIOS 2.5 present.
[    0.000000] Hypervisor detected: KVM
[    0.000000] Kernel/User page tables isolation: disabled
[    0.000000] e820: last_pfn = 0x3fff0 max_arch_pfn = 0x400000000
[    0.000000] MTRR: Disabled
[    0.000000] x86/PAT: MTRRs disabled, skipping PAT initialization too.
[    0.000000] CPU MTRRs all blank - virtualized system.
[    0.000000] x86/PAT: Configuration [0-7]: WB  WT  UC- UC  WB  WT  UC- UC  
[    0.000000] found SMP MP-table at [mem 0x0009fff0-0x0009ffff] mapped at [ffff88000009fff0]
[    0.000000] Scanning 1 areas for low memory corruption
[    0.000000] RAMDISK: [mem 0x362dc000-0x37165fff]
[    0.000000] ACPI: Early table checksum verification disabled
[    0.000000] ACPI: RSDP 0x00000000000E0000 000024 (v02 VBOX  )
[    0.000000] ACPI: XSDT 0x000000003FFF0030 00003C (v01 VBOX   VBOXXSDT 00000001 ASL  00000061)
[    0.000000] ACPI: FACP 0x000000003FFF00F0 0000F4 (v04 VBOX   VBOXFACP 00000001 ASL  00000061)
[    0.000000] ACPI: DSDT 0x000000003FFF0470 002325 (v02 VBOX   VBOXBIOS 00000002 INTL 20100528)
[    0.000000] ACPI: FACS 0x000000003FFF0200 000040
[    0.000000] ACPI: FACS 0x000000003FFF0200 000040
[    0.000000] ACPI: APIC 0x000000003FFF0240 00005C (v02 VBOX   VBOXAPIC 00000001 ASL  00000061)
[    0.000000] ACPI: SSDT 0x000000003FFF02A0 0001CC (v01 VBOX   VBOXCPUT 00000002 INTL 20100528)
[    0.000000] No NUMA configuration found
[    0.000000] Faking a node at [mem 0x0000000000000000-0x000000003ffeffff]
[    0.000000] NODE_DATA(0) allocated [mem 0x3ffeb000-0x3ffeffff]
[    0.000000] kvm-clock: Using msrs 4b564d01 and 4b564d00
[    0.000000] kvm-clock: cpu 0, msr 0:3ffe3001, primary cpu clock
[    0.000000] kvm-clock: using sched offset of 3244047198 cycles
[    0.000000] clocksource: kvm-clock: mask: 0xffffffffffffffff max_cycles: 0x1cd42e4dffb, max_idle_ns: 881590591483 ns
[    0.000000] Zone ranges:
[    0.000000]   DMA      [mem 0x0000000000001000-0x0000000000ffffff]
[    0.000000]   DMA32    [mem 0x0000000001000000-0x000000003ffeffff]
[    0.000000]   Normal   empty
[    0.000000]   Device   empty
[    0.000000] Movable zone start for each node
[    0.000000] Early memory node ranges
[    0.000000]   node   0: [mem 0x0000000000001000-0x000000000009efff]
[    0.000000]   node   0: [mem 0x0000000000100000-0x000000003ffeffff]
[    0.000000] Initmem setup node 0 [mem 0x0000000000001000-0x000000003ffeffff]
[    0.000000] ACPI: PM-Timer IO Port: 0x4008
[    0.000000] IOAPIC[0]: apic_id 2, version 32, address 0xfec00000, GSI 0-23
[    0.000000] ACPI: INT_SRC_OVR (bus 0 bus_irq 0 global_irq 2 dfl dfl)
[    0.000000] ACPI: INT_SRC_OVR (bus 0 bus_irq 9 global_irq 9 low level)
[    0.000000] Using ACPI (MADT) for SMP configuration information
[    0.000000] smpboot: Allowing 2 CPUs, 0 hotplug CPUs
[    0.000000] PM: Registered nosave memory: [mem 0x00000000-0x00000fff]
[    0.000000] PM: Registered nosave memory: [mem 0x0009f000-0x0009ffff]
[    0.000000] PM: Registered nosave memory: [mem 0x000a0000-0x000effff]
[    0.000000] PM: Registered nosave memory: [mem 0x000f0000-0x000fffff]
[    0.000000] e820: [mem 0x40000000-0xfebfffff] available for PCI devices
[    0.000000] Booting paravirtualized kernel on KVM
[    0.000000] clocksource: refined-jiffies: mask: 0xffffffff max_cycles: 0xffffffff, max_idle_ns: 7645519600211568 ns
[    0.000000] setup_percpu: NR_CPUS:512 nr_cpumask_bits:512 nr_cpu_ids:2 nr_node_ids:1
[    0.000000] PERCPU: Embedded 33 pages/cpu @ffff88003fc00000 s95192 r8192 d31784 u1048576
[    0.000000] Built 1 zonelists in Node order, mobility grouping on.  Total pages: 257912
[    0.000000] Policy zone: DMA32
[    0.000000] Kernel command line: BOOT_IMAGE=/boot/vmlinuz-4.4.0-210-generic root=LABEL=cloudimg-rootfs ro console=tty1 console=ttyS0
[    0.000000] PID hash table entries: 4096 (order: 3, 32768 bytes)
[    0.000000] Memory: 997792K/1048120K available (8644K kernel code, 1332K rwdata, 4044K rodata, 1492K init, 1164K bss, 50328K reserved, 0K cma-reserved)
[    0.000000] SLUB: HWalign=64, Order=0-3, MinObjects=0, CPUs=2, Nodes=1
[    0.000000] Hierarchical RCU implementation.
[    0.000000] 	Build-time adjustment of leaf fanout to 64.
[    0.000000] 	RCU restricting CPUs from NR_CPUS=512 to nr_cpu_ids=2.
[    0.000000] RCU: Adjusting geometry for rcu_fanout_leaf=64, nr_cpu_ids=2
[    0.000000] NR_IRQS:33024 nr_irqs:440 16
[    0.000000] Console: colour VGA+ 80x25
[    0.000000] console [tty1] enabled
[    0.000000] console [ttyS0] enabled
[    0.000000] tsc: Detected 2111.998 MHz processor
[    0.146742] Calibrating delay loop (skipped) preset value.. 4223.99 BogoMIPS (lpj=8447992)
[    0.148516] pid_max: default: 32768 minimum: 301
[    0.149509] ACPI: Core revision 20150930
[    0.151627] ACPI: 2 ACPI AML tables successfully acquired and loaded
[    0.152856] Security Framework initialized
[    0.153652] Yama: becoming mindful.
[    0.154377] AppArmor: AppArmor initialized
[    0.155154] Dentry cache hash table entries: 131072 (order: 8, 1048576 bytes)
[    0.156414] Inode-cache hash table entries: 65536 (order: 7, 524288 bytes)
[    0.159878] Mount-cache hash table entries: 2048 (order: 2, 16384 bytes)
[    0.160952] Mountpoint-cache hash table entries: 2048 (order: 2, 16384 bytes)
[    0.162206] Initializing cgroup subsys io
[    0.162881] Initializing cgroup subsys memory
[    0.163672] Initializing cgroup subsys devices
[    0.164523] Initializing cgroup subsys freezer
[    0.165424] Initializing cgroup subsys net_cls
[    0.166598] Initializing cgroup subsys perf_event
[    0.167462] Initializing cgroup subsys net_prio
[    0.168276] Initializing cgroup subsys hugetlb
[    0.169002] Initializing cgroup subsys pids
[    0.178650] mce: CPU supports 0 MCE banks
[    0.179365] Last level iTLB entries: 4KB 64, 2MB 8, 4MB 8
[    0.180300] Last level dTLB entries: 4KB 64, 2MB 0, 4MB 0, 1GB 4
[    0.181330] Spectre V1 : Mitigation: usercopy/swapgs barriers and __user pointer sanitization
[    0.183315] Spectre V2 : Mitigation: Full generic retpoline
[    0.184822] Spectre V2 : Spectre v2 / SpectreRSB mitigation: Filling RSB on context switch
[    0.186768] Speculative Store Bypass: Vulnerable
[    0.187647] TAA: Mitigation: TSX disabled
[    0.188297] SRBDS: Mitigation: TSX disabled
[    0.191335] Freeing SMP alternatives memory: 36K
[    0.198445] ftrace: allocating 32380 entries in 127 pages
[    0.267171] smpboot: APIC(0) Converting physical 0 to logical package 0
[    0.269340] smpboot: Max logical packages: 1
[    0.270669] x2apic enabled
[    0.271721] Switched APIC routing to physical x2apic.
[    0.274623] ..TIMER: vector=0x30 apic1=0 pin1=2 apic2=-1 pin2=-1
[    0.384091] smpboot: CPU0: Intel(R) Core(TM) i7-8665U CPU @ 1.90GHz (family: 0x6, model: 0x8e, stepping: 0xc)
[    0.386869] Performance Events: unsupported p6 CPU model 142 no PMU driver, software events only.
[    0.397548] KVM setup paravirtual spinlock
[    0.399382] x86: Booting SMP configuration:
[    0.400672] .... node  #0, CPUs:      #1
[    0.401743] kvm-clock: cpu 1, msr 0:3ffe3041, secondary cpu clock
[    0.413684] mce: CPU supports 0 MCE banks
[    0.416612] x86: Booted up 1 node, 2 CPUs
[    0.417963] smpboot: Total of 2 processors activated (8447.99 BogoMIPS)
[    0.419665] devtmpfs: initialized
[    0.422070] evm: security.selinux
[    0.422852] evm: security.SMACK64
[    0.423723] evm: security.SMACK64EXEC
[    0.424766] evm: security.SMACK64TRANSMUTE
[    0.425727] evm: security.SMACK64MMAP
[    0.426576] evm: security.ima
[    0.427335] evm: security.capability
[    0.428262] clocksource: jiffies: mask: 0xffffffff max_cycles: 0xffffffff, max_idle_ns: 7645041785100000 ns
[    0.430549] futex hash table entries: 512 (order: 3, 32768 bytes)
[    0.431996] pinctrl core: initialized pinctrl subsystem
[    0.433427] RTC time: 13:36:46, date: 08/16/22
[    0.437298] NET: Registered protocol family 16
[    0.449744] cpuidle: using governor ladder
[    0.461096] cpuidle: using governor menu
[    0.462433] PCCT header not found.
[    0.463586] ACPI: bus type PCI registered
[    0.464705] acpiphp: ACPI Hot Plug PCI Controller Driver version: 0.5
[    0.466796] PCI: Using configuration type 1 for base access
[    0.481450] ACPI: Added _OSI(Module Device)
[    0.483229] ACPI: Added _OSI(Processor Device)
[    0.484829] ACPI: Added _OSI(3.0 _SCP Extensions)
[    0.486303] ACPI: Added _OSI(Processor Aggregator Device)
[    0.488634] ACPI: Executed 1 blocks of module-level executable AML code
[    0.493264] ACPI: Interpreter enabled
[    0.494993] ACPI: (supports S0 S5)
[    0.496618] ACPI: Using IOAPIC for interrupt routing
[    0.498083] PCI: Using host bridge windows from ACPI; if necessary, use "pci=nocrs" and report a bug
[    0.503924] ACPI: PCI Root Bridge [PCI0] (domain 0000 [bus 00-ff])
[    0.505414] acpi PNP0A03:00: _OSC: OS supports [ASPM ClockPM Segments MSI]
[    0.507018] acpi PNP0A03:00: _OSC: not requesting OS control; OS requires [ExtendedConfig ASPM ClockPM MSI]
[    0.509482] acpi PNP0A03:00: fail to add MMCONFIG information, can't access extended PCI configuration space under this bridge.
[    0.512528] PCI host bridge to bus 0000:00
[    0.513918] pci_bus 0000:00: root bus resource [io  0x0000-0x0cf7 window]
[    0.515324] pci_bus 0000:00: root bus resource [io  0x0d00-0xffff window]
[    0.517770] pci_bus 0000:00: root bus resource [mem 0x000a0000-0x000bffff window]
[    0.519211] pci_bus 0000:00: root bus resource [mem 0x40000000-0xfdffffff window]
[    0.520543] pci_bus 0000:00: root bus resource [bus 00-ff]
[    0.523095] pci 0000:00:01.1: legacy IDE quirk: reg 0x10: [io  0x01f0-0x01f7]
[    0.524372] pci 0000:00:01.1: legacy IDE quirk: reg 0x14: [io  0x03f6]
[    0.525541] pci 0000:00:01.1: legacy IDE quirk: reg 0x18: [io  0x0170-0x0177]
[    0.536336] pci 0000:00:01.1: legacy IDE quirk: reg 0x1c: [io  0x0376]
[    0.546689] pci 0000:00:07.0: quirk: [io  0x4000-0x403f] claimed by PIIX4 ACPI
[    0.548236] pci 0000:00:07.0: quirk: [io  0x4100-0x410f] claimed by PIIX4 SMB
[    0.556169] ACPI: PCI Interrupt Link [LNKA] (IRQs 5 9 10 *11)
[    0.558238] ACPI: PCI Interrupt Link [LNKB] (IRQs 5 9 *10 11)
[    0.559452] ACPI: PCI Interrupt Link [LNKC] (IRQs 5 *9 10 11)
[    0.560727] ACPI: PCI Interrupt Link [LNKD] (IRQs 5 9 10 *11)
[    0.561973] ACPI: Enabled 2 GPEs in block 00 to 07
[    0.563053] vgaarb: setting as boot device: PCI:0000:00:02.0
[    0.564184] vgaarb: device added: PCI:0000:00:02.0,decodes=io+mem,owns=io+mem,locks=none
[    0.565644] vgaarb: loaded
[    0.566161] vgaarb: bridge control possible 0000:00:02.0
[    0.567230] SCSI subsystem initialized
[    0.567976] ACPI: bus type USB registered
[    0.568742] usbcore: registered new interface driver usbfs
[    0.569715] usbcore: registered new interface driver hub
[    0.570806] usbcore: registered new device driver usb
[    0.571844] PCI: Using ACPI for IRQ routing
[    0.572872] NetLabel: Initializing
[    0.573507] NetLabel:  domain hash size = 128
[    0.574207] NetLabel:  protocols = UNLABELED CIPSOv4
[    0.574994] NetLabel:  unlabeled traffic allowed by default
[    0.576037] amd_nb: Cannot enumerate AMD northbridges
[    0.577144] clocksource: Switched to clocksource kvm-clock
[    0.587025] AppArmor: AppArmor Filesystem Enabled
[    0.588008] pnp: PnP ACPI init
[    0.589316] pnp: PnP ACPI: found 3 devices
[    0.598886] clocksource: acpi_pm: mask: 0xffffff max_cycles: 0xffffff, max_idle_ns: 2085701024 ns
[    0.601277] NET: Registered protocol family 2
[    0.602560] TCP established hash table entries: 8192 (order: 4, 65536 bytes)
[    0.604544] TCP bind hash table entries: 8192 (order: 5, 131072 bytes)
[    0.606201] TCP: Hash tables configured (established 8192 bind 8192)
[    0.607538] UDP hash table entries: 512 (order: 2, 16384 bytes)
[    0.608726] UDP-Lite hash table entries: 512 (order: 2, 16384 bytes)
[    0.610079] NET: Registered protocol family 1
[    0.611127] pci 0000:00:00.0: Limiting direct PCI/PCI transfers
[    0.612304] pci 0000:00:01.0: Activating ISA DMA hang workarounds
[    0.616175] Unpacking initramfs...
[    0.867960] Freeing initrd memory: 14888K
[    0.869122] clocksource: tsc: mask: 0xffffffffffffffff max_cycles: 0x1e71768ef8b, max_idle_ns: 440795218977 ns
[    0.872092] platform rtc_cmos: registered platform RTC device (no PNP device found)
[    0.874061] Scanning for low memory corruption every 60 seconds
[    0.875551] audit: initializing netlink subsys (disabled)
[    0.876788] audit: type=2000 audit(1660657011.909:1): initialized
[    0.878383] Initialise system trusted keyring
[    0.879398] HugeTLB registered 2 MB page size, pre-allocated 0 pages
[    0.881538] zbud: loaded
[    0.882541] VFS: Disk quotas dquot_6.6.0
[    0.884180] VFS: Dquot-cache hash table entries: 512 (order 0, 4096 bytes)
[    0.885656] squashfs: version 4.0 (2009/01/31) Phillip Lougher
[    0.886913] fuse init (API version 7.23)
[    0.887804] Key type big_key registered
[    0.888609] Allocating IMA MOK and blacklist keyrings.
[    0.893584] Key type asymmetric registered
[    0.894568] Asymmetric key parser 'x509' registered
[    0.895677] Block layer SCSI generic (bsg) driver version 0.4 loaded (major 249)
[    0.897366] io scheduler noop registered
[    0.898197] io scheduler deadline registered (default)
[    0.899528] io scheduler cfq registered
[    0.900453] pci_hotplug: PCI Hot Plug PCI Core version: 0.5
[    0.901658] pciehp: PCI Express Hot Plug Controller Driver version: 0.4
[    0.903136] ACPI: AC Adapter [AC] (on-line)
[    0.904407] input: Power Button as /devices/LNXSYSTM:00/LNXPWRBN:00/input/input0
[    0.906101] ACPI: Power Button [PWRF]
[    0.906938] input: Sleep Button as /devices/LNXSYSTM:00/LNXSLPBN:00/input/input1
[    0.908710] ACPI: Sleep Button [SLPF]
[    0.909597] GHES: HEST is not enabled!
[    0.910921] ACPI: Battery Slot [BAT0] (battery present)
[    0.911954] Serial: 8250/16550 driver, 32 ports, IRQ sharing enabled
[    0.933950] 00:02: ttyS0 at I/O 0x3f8 (irq = 4, base_baud = 115200) is a 16550A
[    0.938915] Linux agpgart interface v0.103
[    0.941416] loop: module loaded
[    0.942725] scsi host0: ata_piix
[    0.943997] scsi host1: ata_piix
[    0.945084] ata1: PATA max UDMA/33 cmd 0x1f0 ctl 0x3f6 bmdma 0xd000 irq 14
[    0.946357] ata2: PATA max UDMA/33 cmd 0x170 ctl 0x376 bmdma 0xd008 irq 15
[    0.947666] libphy: Fixed MDIO Bus: probed
[    0.948547] tun: Universal TUN/TAP device driver, 1.6
[    0.949787] tun: (C) 1999-2004 Max Krasnyansky <maxk@qualcomm.com>
[    0.951273] PPP generic driver version 2.4.2
[    0.952224] ehci_hcd: USB 2.0 'Enhanced' Host Controller (EHCI) Driver
[    0.953360] ehci-pci: EHCI PCI platform driver
[    0.954284] ehci-platform: EHCI generic platform driver
[    0.955353] ohci_hcd: USB 1.1 'Open' Host Controller (OHCI) Driver
[    0.956297] ohci-pci: OHCI PCI platform driver
[    0.957013] ohci-platform: OHCI generic platform driver
[    0.957941] uhci_hcd: USB Universal Host Controller Interface driver
[    0.959010] i8042: PNP: PS/2 Controller [PNP0303:PS2K,PNP0f03:PS2M] at 0x60,0x64 irq 1,12
[    0.960824] serio: i8042 KBD port at 0x60,0x64 irq 1
[    0.961694] serio: i8042 AUX port at 0x60,0x64 irq 12
[    0.962701] mousedev: PS/2 mouse device common for all mice
[    0.964016] input: AT Translated Set 2 keyboard as /devices/platform/i8042/serio0/input/input2
[    0.966254] rtc_cmos rtc_cmos: rtc core: registered rtc_cmos as rtc0
[    0.967369] rtc_cmos rtc_cmos: alarms up to one day, 114 bytes nvram
[    0.968429] i2c /dev entries driver
[    0.969163] device-mapper: uevent: version 1.0.3
[    0.970258] device-mapper: ioctl: 4.34.0-ioctl (2015-10-28) initialised: dm-devel@redhat.com
[    0.971877] ledtrig-cpu: registered to indicate activity on CPUs
[    0.973383] NET: Registered protocol family 10
[    0.974300] NET: Registered protocol family 17
[    0.975213] Key type dns_resolver registered
[    0.976332] registered taskstats version 1
[    0.977004] Loading compiled-in X.509 certificates
[    0.978277] Loaded X.509 cert 'Build time autogenerated kernel key: cf00e047681d67edb2720680708b7d9498083038'
[    0.979898] zswap: loaded using pool lzo/zbud
[    0.981982] Key type trusted registered
[    0.985530] Key type encrypted registered
[    0.986496] AppArmor: AppArmor sha1 policy hashing enabled
[    0.987541] ima: No TPM chip found, activating TPM-bypass!
[    0.988473] ima: Allocated hash algorithm: sha1
[    0.989397] evm: HMAC attrs: 0x1
[    0.990443]   Magic number: 2:175:635
[    0.991277] rtc_cmos rtc_cmos: setting system clock to 2022-08-16 13:36:47 UTC (1660657007)
[    0.993111] BIOS EDD facility v0.16 2004-Jun-25, 0 devices found
[    0.994366] EDD information not available.
[    1.125428] Freeing unused kernel memory: 1492K
[    1.126638] Write protecting the kernel read-only data: 14336k
[    1.128435] Freeing unused kernel memory: 1584K
[    1.129760] Freeing unused kernel memory: 52K
Loading, please wait...
starting version 229
[    1.141424] random: systemd-udevd: uninitialized urandom read (16 bytes read, 3 bits of entropy available)
[    1.141993] random: udevadm: uninitialized urandom read (16 bytes read, 3 bits of entropy available)
[    1.142020] random: udevadm: uninitialized urandom read (16 bytes read, 3 bits of entropy available)
[    1.148293] random: udevadm: uninitialized urandom read (16 bytes read, 3 bits of entropy available)
[    1.148329] random: udevadm: uninitialized urandom read (16 bytes read, 3 bits of entropy available)
[    1.148459] random: udevadm: uninitialized urandom read (16 bytes read, 3 bits of entropy available)
[    1.148514] random: udevadm: uninitialized urandom read (16 bytes read, 3 bits of entropy available)
[    1.148578] random: udevadm: uninitialized urandom read (16 bytes read, 3 bits of entropy available)
[    1.148628] random: udevadm: uninitialized urandom read (16 bytes read, 3 bits of entropy available)
[    1.148671] random: udevadm: uninitialized urandom read (16 bytes read, 3 bits of entropy available)
[    1.203192] Fusion MPT base driver 3.04.20
[    1.204700] Copyright (c) 1999-2008 LSI Corporation
[    1.211003] e1000: Intel(R) PRO/1000 Network Driver - version 7.3.21-k8-NAPI
[    1.213629] e1000: Copyright (c) 1999-2006 Intel Corporation.
[    1.218201] Fusion MPT SPI Host driver 3.04.20
[    1.227534] AVX2 version of gcm_enc/dec engaged.
[    1.228771] AES CTR mode by8 optimization enabled
[    1.233243] mptbase: ioc0: Initiating bringup
[    1.297760] ioc0: LSI53C1030 A0: Capabilities={Initiator}
[    1.415950] input: ImExPS/2 Generic Explorer Mouse as /devices/platform/i8042/serio1/input/input4
[    1.469688] scsi host2: ioc0: LSI53C1030 A0, FwRev=00000000h, Ports=1, MaxQ=256, IRQ=20
[    1.586214] scsi 2:0:0:0: Direct-Access     VBOX     HARDDISK         1.0  PQ: 0 ANSI: 5
[    1.590871] scsi target2:0:0: Beginning Domain Validation
[    1.596014] scsi target2:0:0: Domain Validation skipping write tests
[    1.598146] scsi target2:0:0: Ending Domain Validation
[    1.600114] scsi target2:0:0: asynchronous
[    1.602436] scsi 2:0:1:0: Direct-Access     VBOX     HARDDISK         1.0  PQ: 0 ANSI: 5
[    1.604893] scsi target2:0:1: Beginning Domain Validation
[    1.608560] scsi target2:0:1: Domain Validation skipping write tests
[    1.610008] scsi target2:0:1: Ending Domain Validation
[    1.611310] scsi target2:0:1: asynchronous
[    1.630182] sd 2:0:0:0: Attached scsi generic sg0 type 0
[    1.632038] sd 2:0:0:0: [sda] 83886080 512-byte logical blocks: (42.9 GB/40.0 GiB)
[    1.646741] sd 2:0:1:0: [sdb] 20480 512-byte logical blocks: (10.5 MB/10.0 MiB)
[    1.648901] sd 2:0:1:0: Attached scsi generic sg1 type 0
[    1.650834] sd 2:0:1:0: [sdb] Write Protect is off
[    1.652482] sd 2:0:1:0: [sdb] Incomplete mode parameter data
[    1.654059] sd 2:0:1:0: [sdb] Assuming drive cache: write through
[    1.655574] sd 2:0:0:0: [sda] Write Protect is off
[    1.657340] sd 2:0:0:0: [sda] Incomplete mode parameter data
[    1.658596] sd 2:0:0:0: [sda] Assuming drive cache: write through
[    1.666894]  sda: sda1
[    1.668831] sd 2:0:1:0: [sdb] Attached SCSI disk
[    1.669778] sd 2:0:0:0: [sda] Attached SCSI disk
[    1.966417] e1000 0000:00:03.0 eth0: (PCI:33MHz:32-bit) 02:be:82:6b:cc:1d
[    1.969468] e1000 0000:00:03.0 eth0: Intel(R) PRO/1000 Network Connection
[    2.342200] e1000 0000:00:08.0 eth1: (PCI:33MHz:32-bit) 08:00:27:8c:99:6f
[    2.343929] e1000 0000:00:08.0 eth1: Intel(R) PRO/1000 Network Connection
[    2.346498] e1000 0000:00:03.0 enp0s3: renamed from eth0
[    2.357275] e1000 0000:00:08.0 enp0s8: renamed from eth1
Begin: Loading essential drivers ... [    3.719398] md: linear personality registered for level -1
[    3.722529] md: multipath personality registered for level -4
[    3.725601] md: raid0 personality registered for level 0
[    3.729264] md: raid1 personality registered for level 1
[    3.801162] raid6: sse2x1   gen()  9754 MB/s
[    3.869221] raid6: sse2x1   xor()  6020 MB/s
[    3.937213] raid6: sse2x2   gen() 13645 MB/s
[    4.005240] raid6: sse2x2   xor()  9567 MB/s
[    4.073246] raid6: sse2x4   gen() 14988 MB/s
[    4.141229] raid6: sse2x4   xor()  8304 MB/s
[    4.209236] raid6: avx2x1   gen() 17868 MB/s
[    4.277232] raid6: avx2x2   gen() 27724 MB/s
[    4.345241] raid6: avx2x4   gen() 20213 MB/s
[    4.346651] raid6: using algorithm avx2x2 gen() 27724 MB/s
[    4.347993] raid6: using avx2x2 recovery algorithm
[    4.350263] xor: automatically using best checksumming function:
[    4.389172]    avx       : 26260.000 MB/sec
[    4.391490] async_tx: api initialized (async)
[    4.403215] md: raid6 personality registered for level 6
[    4.404406] md: raid5 personality registered for level 5
[    4.405670] md: raid4 personality registered for level 4
[    4.412381] md: raid10 personality registered for level 10
done.
Begin: Running /scripts/init-premount ... done.
Begin: Mounting root file system ... Begin: Running /scripts/local-top ... done.
Begin: Running /scripts/local-premount ... [    4.438544] Btrfs loaded
Scanning for Btrfs filesystems
done.
Warning: fsck not present, so skipping root file system
[    4.485523] EXT4-fs (sda1): mounted filesystem with ordered data mode. Opts: (null)
done.
Begin: Running /scripts/local-bottom ... done.
Begin: Running /scripts/init-bottom ... done.
[    4.561363] systemd[1]: systemd 229 running in system mode. (+PAM +AUDIT +SELINUX +IMA +APPARMOR +SMACK +SYSVINIT +UTMP +LIBCRYPTSETUP +GCRYPT +GNUTLS +ACL +XZ -LZ4 +SECCOMP +BLKID +ELFUTILS +KMOD -IDN)
[    4.564788] systemd[1]: Detected virtualization oracle.
[    4.565966] systemd[1]: Detected architecture x86-64.

Welcome to [1mUbuntu 16.04.7 LTS[0m!

[    4.569150] systemd[1]: Set hostname to <ubuntu>.
[    4.571667] systemd[1]: Initializing machine ID from random generator.
[    4.573107] systemd[1]: Installed transient /etc/machine-id file.
[    4.657778] systemd[1]: Listening on Journal Socket (/dev/log).
[[0;32m  OK  [0m] Listening on Journal Socket (/dev/log).
[    4.659594] systemd[1]: Started Forward Password Requests to Wall Directory Watch.
[[0;32m  OK  [0m] Started Forward Password Requests to Wall Directory Watch.
[    4.670170] systemd[1]: Set up automount Arbitrary Executable File Formats File System Automount Point.
[[0;32m  OK  [0m] Set up automount Arbitrary Executab...ats File System Automount Point.
[    4.677866] systemd[1]: Reached target Encrypted Volumes.
[[0;32m  OK  [0m] Reached target Encrypted Volumes.
[    4.685652] systemd[1]: Listening on /dev/initctl Compatibility Named Pipe.
[[0;32m  OK  [0m] Listening on /dev/initctl Compatibility Named Pipe.
[    4.693713] systemd[1]: Created slice User and Session Slice.
[[0;32m  OK  [0m] Created slice User and Session Slice.
[    4.701457] systemd[1]: Created slice System Slice.
[[0;32m  OK  [0m] Created slice System Slice.
[    4.709348] systemd[1]: Reached target User and Group Name Lookups.
[[0;32m  OK  [0m] Reached target User and Group Name Lookups.
[    4.712133] systemd[1]: Listening on Journal Audit Socket.
[[0;32m  OK  [0m] Listening on Journal Audit Socket.
[    4.714068] systemd[1]: Started Trigger resolvconf update for networkd DNS.
[[0;32m  OK  [0m] Started Trigger resolvconf update for networkd DNS.
[    4.721386] systemd[1]: Listening on udev Control Socket.
[[0;32m  OK  [0m] Listening on udev Control Socket.
[    4.729483] systemd[1]: Listening on udev Kernel Socket.
[[0;32m  OK  [0m] Listening on udev Kernel Socket.
[    4.738103] systemd[1]: Created slice system-serial\x2dgetty.slice.
[[0;32m  OK  [0m] Created slice system-serial\x2dgetty.slice.
[    4.745955] systemd[1]: Reached target Swap.
[[0;32m  OK  [0m] Reached target Swap.
[    4.748817] systemd[1]: Listening on LVM2 metadata daemon socket.
[[0;32m  OK  [0m] Listening on LVM2 metadata daemon socket.
[    4.751417] systemd[1]: Listening on Device-mapper event daemon FIFOs.
[[0;32m  OK  [0m] Listening on Device-mapper event daemon FIFOs.
[    4.753637] systemd[1]: Listening on fsck to fsckd communication Socket.
[[0;32m  OK  [0m] Listening on fsck to fsckd communication Socket.
[    4.761951] systemd[1]: Listening on Journal Socket.
[[0;32m  OK  [0m] Listening on Journal Socket.
[    4.781788] systemd[1]: Starting Monitoring of LVM2 mirrors, snapshots etc. using dmeventd or progress polling...
         Starting Monitoring of LVM2 mirrors... dmeventd or progress polling...
[    4.794216] systemd[1]: Mounting Debug File System...
         Mounting Debug File System...
[    4.800401] systemd[1]: Starting Load Kernel Modules...
         Starting Load Kernel Modules...
[    4.807584] Loading iSCSI transport class v2.0-870.
[    4.809760] systemd[1]: Starting Set console keymap...
         Starting Set console keymap...
[    4.821511] iscsi: registered transport (tcp)
[    4.821965] systemd[1]: Starting Nameserver information manager...
         Starting Nameserver information manager...
[    4.825625] systemd[1]: Mounting POSIX Message Queue File System...
         Mounting POSIX Message Queue File System...
[    4.829151] systemd[1]: Starting Create list of required static device nodes for the current kernel...
         Starting Create list of required st... nodes for the current kernel...
[    4.833707] systemd[1]: Listening on Syslog Socket.
[[0;32m  OK  [0m] Listening on Syslog Socket.
[    4.841876] systemd[1]: Starting Journal Service...
         Starting Journal Service...
[    4.849983] systemd[1]: Mounting Huge Pages File System...
         Mounting Huge Pages File System...
[    4.852196] systemd[1]: Listening on LVM2 poll daemon socket.
[[0;32m  OK  [0m] Listening on LVM2 poll daemon socket.
[    4.855894] systemd[1]: Starting File System Check on Root Device...
         Starting File System Check on Root Device...
[    4.861378] systemd[1]: Reached target Slices.
[[0;32m  OK  [0m] Reached target Slices.
[    4.863378] systemd[1]: Reached target System Time Synchronized.
[[0;32m  OK  [0m] Reached target System Time Synchronized.
[    4.875689] iscsi: registered transport (iser)
[    4.881291] systemd[1]: Starting Uncomplicated firewall...
         Starting Uncomplicated firewall...
[    4.885029] systemd[1]: Mounted Huge Pages File System.
[[0;32m  OK  [0m] Mounted Huge Pages File System.
[    4.886803] systemd[1]: Mounted POSIX Message Queue File System.
[[0;32m  OK  [0m] Mounted POSIX Message Queue File System.
[    4.888519] systemd[1]: Mounted Debug File System.
[[0;32m  OK  [0m] Mounted Debug File System.
[    4.890802] systemd[1]: Started Journal Service.
[[0;32m  OK  [0m] Started Journal Service.
[[0;32m  OK  [0m] Started Load Kernel Modules.
[[0;32m  OK  [0m] Started Set console keymap.
[[0;32m  OK  [0m] Started Create list of required sta...ce nodes for the current kernel.
[[0;32m  OK  [0m] Started File System Check on Root Device.
[[0;32m  OK  [0m] Started Uncomplicated firewall.
[[0;32m  OK  [0m] Started Nameserver information manager.
[[0;32m  OK  [0m] Started LVM2 metadata daemon.
[[0;32m  OK  [0m] Started File System Check Daemon to report status.
         Starting Remount Root and Kernel File Systems...
         Starting Create Static Device Nodes in /dev...
         Starting Apply Kernel Variables...
[    4.940115] EXT4-fs (sda1): re-mounted. Opts: (null)
         Mounting FUSE Control File System...
[[0;32m  OK  [0m] Mounted FUSE Control File System.
[[0;32m  OK  [0m] Started Remount Root and Kernel File Systems.
         Starting udev Coldplug all Devices...
         Starting Load/Save Random Seed...
         Starting Flush Journal to Persistent Storage...
[[0;32m  OK  [0m] Started Apply Kernel Variables.
[[0;32m  OK  [0m] Started Load/Save Random Seed.
[[0;32m  OK  [0m] Started Flush Journal to Persistent Storage.
[[0;32m  OK  [0m] Started Create Static Device Nodes in /dev.
         Starting udev Kernel Device Manager...
[[0;32m  OK  [0m] Started udev Coldplug all Devices.
[[0;32m  OK  [0m] Started udev Kernel Device Manager.
[[0;32m  OK  [0m] Started Dispatch Password Requests to Console Directory Watch.
[[0;32m  OK  [0m] Found device /dev/ttyS0.
[[0;32m  OK  [0m] Started Monitoring of LVM2 mirrors,...ng dmeventd or progress polling.
[[0;32m  OK  [0m] Reached target Local File Systems (Pre).
[[0;32m  OK  [0m] Reached target Local File Systems.
         Starting Create Volatile Files and Directories...
         Starting Initial cloud-init job (pre-networking)...
         Starting Commit a transient machine-id on disk...
         Starting Set console font and keymap...
         Starting Tell Plymouth To Write Out Runtime Data...
         Starting LSB: AppArmor initialization...
[[0;32m  OK  [0m] Started Create Volatile Files and Directories.
[[0;32m  OK  [0m] Listening on Load/Save RF Kill Switch Status /dev/rfkill Watch.
         Starting Update UTMP about System Boot/Shutdown...
[[0;32m  OK  [0m] Started Tell Plymouth To Write Out Runtime Data.
[[0;32m  OK  [0m] Started Update UTMP about System Boot/Shutdown.
[[0;32m  OK  [0m] Started Commit a transient machine-id on disk.
[    6.098463] cloud-init[525]: Cloud-init v. 21.1-19-gbad84ad4-0ubuntu1~16.04.2 running 'init-local' at Tue, 16 Aug 2022 13:36:52 +0000. Up 5.62 seconds.
[[0;32m  OK  [0m] Started Initial cloud-init job (pre-networking).
[[0;32m  OK  [0m] Reached target Network (Pre).
[[0;32m  OK  [0m] Started LSB: AppArmor initialization.
         Starting Load AppArmor profiles managed internally by snapd...
         Starting Raise network interfaces...
[[0;32m  OK  [0m] Started Set console font and keymap.
[[0;32m  OK  [0m] Started Load AppArmor profiles managed internally by snapd.
[[0;32m  OK  [0m] Created slice system-getty.slice.
[[0;32m  OK  [0m] Started Raise network interfaces.
[[0;32m  OK  [0m] Reached target Network.
         Starting Initial cloud-init job (metadata service crawler)...
[    7.230908] cloud-init[960]: Cloud-init v. 21.1-19-gbad84ad4-0ubuntu1~16.04.2 running 'init' at Tue, 16 Aug 2022 13:36:53 +0000. Up 6.85 seconds.
[    7.232415] cloud-init[960]: ci-info: ++++++++++++++++++++++++++++++++++++++Net device info+++++++++++++++++++++++++++++++++++++++
[    7.233905] cloud-init[960]: ci-info: +--------+-------+----------------------------+---------------+--------+-------------------+
[    7.240277] cloud-init[960]: ci-info: | Device |   Up  |          Address           |      Mask     | Scope  |     Hw-Address    |
[    7.248387] cloud-init[960]: ci-info: +--------+-------+----------------------------+---------------+--------+-------------------+
[    7.249781] cloud-init[960]: ci-info: | enp0s3 |  True |         10.0.2.15          | 255.255.255.0 | global | 02:be:82:6b:cc:1d |
[    7.251189] cloud-init[960]: ci-info: | enp0s3 |  True | fe80::be:82ff:fe6b:cc1d/64 |       .       |  link  | 02:be:82:6b:cc:1d |
[    7.252551] cloud-init[960]: ci-info: | enp0s8 | False |             .              |       .       |   .    | 08:00:27:8c:99:6f |
[    7.253923] cloud-init[960]: ci-info: |   lo   |  True |         127.0.0.1          |   255.0.0.0   |  host  |         .         |
[    7.255277] cloud-init[960]: ci-info: |   lo   |  True |          ::1/128           |       .       |  host  |         .         |
[    7.256625] cloud-init[960]: ci-info: +--------+-------+----------------------------+---------------+--------+-------------------+
[    7.258171] cloud-init[960]: ci-info: +++++++++++++++++++++++++++Route IPv4 info++++++++++++++++++++++++++++
[    7.259465] cloud-init[960]: ci-info: +-------+-------------+----------+---------------+-----------+-------+
[    7.260713] cloud-init[960]: ci-info: | Route | Destination | Gateway  |    Genmask    | Interface | Flags |
[    7.262680] cloud-init[960]: ci-info: +-------+-------------+----------+---------------+-----------+-------+
[    7.263978] cloud-init[960]: ci-info: |   0   |   0.0.0.0   | 10.0.2.2 |    0.0.0.0    |   enp0s3  |   UG  |
[    7.265207] cloud-init[960]: ci-info: |   1   |   10.0.2.0  | 0.0.0.0  | 255.255.255.0 |   enp0s3  |   U   |
[    7.266413] cloud-init[960]: ci-info: +-------+-------------+----------+---------------+-----------+-------+
[    7.267591] cloud-init[960]: ci-info: +++++++++++++++++++Route IPv6 info+++++++++++++++++++
[    7.268557] cloud-init[960]: ci-info: +-------+-------------+---------+-----------+-------+
[    7.269603] cloud-init[960]: ci-info: | Route | Destination | Gateway | Interface | Flags |
[    7.270692] cloud-init[960]: ci-info: +-------+-------------+---------+-----------+-------+
[    7.271815] cloud-init[960]: ci-info: |   0   |  fe80::/64  |    ::   |   enp0s3  |   U   |
[    7.272939] cloud-init[960]: ci-info: |   3   |   ff00::/8  |    ::   |   enp0s3  |   U   |
[    7.273978] cloud-init[960]: ci-info: +-------+-------------+---------+-----------+-------+
[    7.275098] cloud-init[960]: Generating public/private rsa key pair.
[    7.280427] cloud-init[960]: Your identification has been saved in /etc/ssh/ssh_host_rsa_key.
[    7.281556] cloud-init[960]: Your public key has been saved in /etc/ssh/ssh_host_rsa_key.pub.
[    7.282765] cloud-init[960]: The key fingerprint is:
[    7.288401] cloud-init[960]: SHA256:HLOXymrZL0kOzDFEp7umeUWTEzUBcZH/v6ZdOR42R4Q root@ubuntu-xenial
[    7.289697] cloud-init[960]: The key's randomart image is:
[    7.290519] cloud-init[960]: +---[RSA 2048]----+
[    7.296783] cloud-init[960]: |     .. ++*+     |
[[0;32m  OK  [0m] Started Initial cloud-init job (metadata service crawler).
[    7.296939] cloud-init[960]: |      .o....   . |
[    7.305036] cloud-init[960]: |     .. oo .  E .|
[    7.305223] cloud-init[960]: |      oo=+ ..  . |
[[0;32m  OK  [0m] Reached target Cloud-config availability.
[[    7.305304] [0;32m  OK  [0mcloud-init] [960]: Reached target System Initialization.|     o.+Soo  .  .|

[    7.320810] cloud-init[960]: |      +ooo    ...|
[    7.321019] cloud-init[[960]: [0;32m  OK  [0m|      oBo.     Bo|] 
Listening on ACPID Listen Socket.
[    7.321080] cloud-init[960]: |     ++.=     +.B|
[    7.336889] cloud-init[960]: |    oo.  o.  .o+.|
[    7.337100] cloud-init[[960]: [0;32m  OK  [0m+----[SHA256]-----+] 
Started ACPI Events Check.
[    7.337173] cloud-init[960]: Generating public/private dsa key pair.
[    7.345285] cloud-init[960]: Your identification has been saved in /etc/ssh/ssh_host_dsa_key.
[    7.345372] cloud-init[960]: Your public key has been saved in /etc/ssh/ssh_host_dsa_key.pub.
[[0;32m  OK  [0m] Reached target Paths.
[    7.345795] cloud-init[960]: The key fingerprint is:
[[0;32m  OK  [0m] Started Daily Cleanup of Temporary Directories.
[[    7.353103] [0;32m  OK  [0mcloud-init] [960]: Listening on D-Bus System Message Bus Socket.SHA256:0UDF9kfY/vBsaq0PYU+ei6gUwymaLTo1Fxlj5W26IE8 root@ubuntu-xenial

[[    7.361315] [0;32m  OK  [0mcloud-init] [960]: Started Ubuntu Advantage update messaging.The key's randomart image is:

[    7.373919] cloud-init[960]: +---[DSA 1024]----+
[    7.374216] cloud-init[960]: |       .++.  o   |
[[0;32m  OK  [0m] Listening on UUID daemon activation socket.
[    7.374287] cloud-init[960]: |       +.o+ . o  |
[    7.392270] cloud-init[960]: |      . =o.+ o   |
[    7.392491] cloud-init[960]: |       o..+ . +  |
[    7.392624] cloud-init[960]: |     . ES*   .o=.|
         Starting LXD - unix socket.
[    7.392723] cloud-init[960]: |     oB.o +  . =*|
[    7.394076] cloud-init[960]: |    .+oo o    .=o|
         Starting Socket activation for snappy daemon.
[    7.394111] cloud-init[960]: |   .. . .   . +.o|
[    7.395109] cloud-init[960]: |   ..    ... o.+.|
[    7.395163] cloud-init[960]: +----[SHA256]-----+
[    7.395572] cloud-init[960]: Generating public/private ecdsa key pair.
[    7.395855] cloud-init[960]: Your identification has been saved in /etc/ssh/ssh_host_ecdsa_key.
[    7.396361] cloud-init[960]: Your public key has been saved in /etc/ssh/ssh_host_ecdsa_key.pub.
[    7.396885] cloud-init[960]: The key fingerprint is:
[    7.397189] cloud-init[960]: SHA256:SZxtXva8gsDOnnuwE2qvFoDsjg/eyYzfqbAjx2h4YnQ root@ubuntu-xenial
[    7.397258] cloud-init[960]: The key's randomart image is:
[    7.397828] cloud-init[960]: +---[ECDSA 256]---+
[    7.398125] cloud-init[960]: |                 |
[[    7.398335] [0;32m  OK  [0mcloud-init] [960]: Started Daily apt download activities.|       . o       |

[    7.403775] cloud-init[960]: | . .    + o o    |
[    7.403961] cloud-init[960]: |  o .  o + o o   |
[    7.404420] cloud-init[960]: | .   .  S .   o  |
[    7.404941] cloud-init[960]: | ..E  .oo. .   . |
[    7.405254] cloud-init[960]: |+*.    oo+. . .  |
[    7.405488] cloud-init[960]: |B=% o =.o..  .   |
[[0;32m  OK  [0m] Started Daily apt upgrade and clean activities.[    7.405721] 
cloud-init[960]: |+O+B.=.o=+       |
[    7.407504] cloud-init[960]: +----[SHA256]-----+
[    7.407701] cloud-init[960]: Generating public/private ed25519 key pair.
[    7.408070] cloud-init[960]: Your identification has been saved in /etc/ssh/ssh_host_ed25519_key.
[    7.408293] cloud-init[960]: Your public key has been saved in /etc/ssh/ssh_host_ed25519_key.pub.
[    7.408800] cloud-init[960]: The key fingerprint is:
[    7.409101] cloud-init[960]: SHA256:1TctGd2bj5mBbeseDEz5BZdm/vIsYRO/gYmaxCMpzdU root@ubuntu-xenial
[    7.409426] cloud-init[960]: The key's randomart image is:
[    7.409720] cloud-init[960]: +--[ED25519 256]--+
[    7.410056] cloud-init[960]: |              o.+|
[    7.410216] cloud-init[960]: |           . . Xo|
[    7.410581] cloud-init[960]: |          o +oO =|
[    7.410887] cloud-init[960]: |         o E.o=B |
[    7.411188] cloud-init[960]: |      o S   +.+Oo|
[    7.411671] cloud-init[960]: |     . = + . =X.+|
[    7.411975] cloud-init[960]: |      . o +  oo*o|
[    7.412054] cloud-init[960]: |         o    ooo|
[    7.412358] cloud-init[960]: |             ... |
[    7.412438] cloud-init[960]: +----[SHA256]-----+
[[0;32m  OK  [0m] Started Message of the Day.
[[0;32m  OK  [0m] Reached target Timers.
[[0;32m  OK  [0m] Reached target Network is Online.
         Starting iSCSI initiator daemon (iscsid)...
[[0;32m  OK  [0m] Listening on LXD - unix socket.
[[0;32m  OK  [0m] Listening on Socket activation for snappy daemon.
[[0;32m  OK  [0m] Reached target Sockets.
[[0;32m  OK  [0m] Reached target Basic System.
         Starting LSB: Record successful boot for GRUB...
         Starting System Logging Service...
[[0;32m  OK  [0m] Started Regular background program processing daemon.
         Starting Pollinate to seed the pseudo random number generator...
         Starting /etc/rc.local Compatibility...
         Starting LSB: MD monitoring daemon...
[[0;32m  OK  [0m] Started D-Bus System Message Bus.
[[0;32m  OK  [0m] Started Deferred execution scheduler.
         Starting Virtualbox guest utils...
[[0;32m  OK  [0m] Started ACPI event daemon.
         Starting Snap Daemon...
         Starting Login Service...
[[0;32m  OK  [0m] Started FUSE filesystem for LXC.
         Starting Accounts Service...
         Starting LXD - container startup/shutdown...
[[0;32m  OK  [0m] Started System Logging Service.
[[0;32m  OK  [0m] Started iSCSI initiator daemon (iscsid).
[[0;32m  OK  [0m] Started /etc/rc.local Compatibility.
         Starting Login to default iSCSI targets...
[[0;32m  OK  [0m] Started Login Service.
[[0;32m  OK  [0m] Started Unattended Upgrades Shutdown.
[[0;32m  OK  [0m] Started LSB: Record successful boot for GRUB.
[[0;32m  OK  [0m] Started Login to default iSCSI targets.
[[0;32m  OK  [0m] Reached target Remote File Systems (Pre).
[[0;32m  OK  [0m] Reached target Remote File Systems.
         Starting LSB: Set the CPU Frequency Scaling governor to "ondemand"...
         Starting Permit User Sessions...
         Starting LSB: daemon to balance interrupts for SMP systems...
         Starting LSB: automatic crash report generation...
[[0;32m  OK  [0m] Started LSB: MD monitoring daemon.
[[0;32m  OK  [0m] Started Permit User Sessions.
         Starting Terminate Plymouth Boot Screen...
         Starting Hold until boot process finishes up...
[[0;32m  OK  [0m] Started Hold until boot process finishes up.
[[0;32m  OK  [0m] Started Terminate Plymouth Boot Screen.
[[0;32m  OK  [0m] Started Serial Getty on ttyS0.
         Starting Set console scheme...
[[0;32m  OK  [0m] Started Getty on tty1.
[[0;32m  OK  [0m] Reached target Login Prompts.
[[0;32m  OK  [0m] Started Set console scheme.
[[0;32m  OK  [0m] Started LSB: automatic crash report generation.
         Starting Authenticate and Authorize Users to Run Privileged Tasks...
[[0;32m  OK  [0m] Started LSB: Set the CPU Frequency Scaling governor to "ondemand".
[[0;32m  OK  [0m] Started Virtualbox guest utils.
[[0;32m  OK  [0m] Started LSB: daemon to balance interrupts for SMP systems.
[[0;32m  OK  [0m] Started Authenticate and Authorize Users to Run Privileged Tasks.
[[0;32m  OK  [0m] Started Accounts Service.
[[0;32m  OK  [0m] Started LXD - container startup/shutdown.
[[0;32m  OK  [0m] Started Snap Daemon.
         Starting Wait until snapd is fully seeded...
[[0;32m  OK  [0m] Started Pollinate to seed the pseudo random number generator.
         Starting OpenBSD Secure Shell server...
[[0;32m  OK  [0m] Started OpenBSD Secure Shell server.
[[0;32m  OK  [0m] Started Wait until snapd is fully seeded.
[[0;32m  OK  [0m] Reached target Multi-User System.
[[0;32m  OK  [0m] Reached target Graphical Interface.
         Starting Update UTMP about System Runlevel Changes...
         Starting Apply the settings specified in cloud-config...
[[0;32m  OK  [0m] Started Update UTMP about System Runlevel Changes.
[   10.338932] cloud-init[1309]: Generating locales (this might take a while)...
[   11.080884] cloud-init[1309]:   en_US.UTF-8... done
[   11.088684] cloud-init[1309]: Generation complete.
[   11.325500] cloud-init[1309]: Cloud-init v. 21.1-19-gbad84ad4-0ubuntu1~16.04.2 running 'modules:config' at Tue, 16 Aug 2022 13:36:56 +0000. Up 10.25 seconds.
[[0;32m  OK  [0m] Started Apply the settings specified in cloud-config.
         Starting Execute cloud user/final scripts...
ci-info: no authorized SSH keys fingerprints found for user ubuntu.
<14>Aug 16 13:36:58 ec2: 
<14>Aug 16 13:36:58 ec2: #############################################################
<14>Aug 16 13:36:58 ec2: -----BEGIN SSH HOST KEY FINGERPRINTS-----
<14>Aug 16 13:36:58 ec2: 1024 SHA256:0UDF9kfY/vBsaq0PYU+ei6gUwymaLTo1Fxlj5W26IE8 root@ubuntu-xenial (DSA)
<14>Aug 16 13:36:58 ec2: 256 SHA256:SZxtXva8gsDOnnuwE2qvFoDsjg/eyYzfqbAjx2h4YnQ root@ubuntu-xenial (ECDSA)
<14>Aug 16 13:36:58 ec2: 256 SHA256:1TctGd2bj5mBbeseDEz5BZdm/vIsYRO/gYmaxCMpzdU root@ubuntu-xenial (ED25519)
<14>Aug 16 13:36:58 ec2: 2048 SHA256:HLOXymrZL0kOzDFEp7umeUWTEzUBcZH/v6ZdOR42R4Q root@ubuntu-xenial (RSA)
<14>Aug 16 13:36:58 ec2: -----END SSH HOST KEY FINGERPRINTS-----
<14>Aug 16 13:36:58 ec2: #############################################################
-----BEGIN SSH HOST KEY KEYS-----
ecdsa-sha2-nistp256 AAAAE2VjZHNhLXNoYTItbmlzdHAyNTYAAAAIbmlzdHAyNTYAAABBBMtmb2iHwR1aQ6NJ9GMEPeIylG+l2KDDDGldSf9bwWsQo48XOYgz4QkFQo+/R0nXvOpjpGU9gpzfJ3SaNoWe3QI= root@ubuntu-xenial
ssh-ed25519 AAAAC3NzaC1lZDI1NTE5AAAAIGYBN9XJ4PtuBfPiRYRzdCDM8yKzHGxboRaEFxomZ5cI root@ubuntu-xenial
ssh-rsa AAAAB3NzaC1yc2EAAAADAQABAAABAQCo3TqAz/2NVc8dGj5QT84bneZZoH36tAjqvMSx0mhQhzbXni1SUF5fxIhLj3q2o41LxQsrOpmWSuqkM40R2ZZ65EDcuKzWHW7cINb5inlaQB3JP9ln8M60j7d6yGkJoolcYpwnzZ6hYjPbHMyyUx33nN/aRIr7VcntgxQLGSVXCpPOxw7pSkatIGd0onjLPPt1jO5LzomsXh/FARbIYn4KJ/H0geDDKTW+fE6ja2IF0UvTVv/6l/D4L49v6RBWtbnhyC+Jk85xQgIUdiZlgBvE5UEji6WngUixwF+ioGDOYS2xjxfLDHoEfRP1LW/yXdsm231fiWykJzky8towSfo3 root@ubuntu-xenial
-----END SSH HOST KEY KEYS-----
[   11.722921] cloud-init[1351]: Cloud-init v. 21.1-19-gbad84ad4-0ubuntu1~16.04.2 running 'modules:final' at Tue, 16 Aug 2022 13:36:58 +0000. Up 11.61 seconds.
[   11.728398] cloud-init[1351]: ci-info: no authorized SSH keys fingerprints found for user ubuntu.
[   11.729298] cloud-init[1351]: Cloud-init v. 21.1-19-gbad84ad4-0ubuntu1~16.04.2 finished at Tue, 16 Aug 2022 13:36:58 +0000. Datasource DataSourceNoCloud [seed=/dev/sdb][dsmode=net].  Up 11.71 seconds
[[0;32m  OK  [0m] Started Execute cloud user/final scripts.
[[0;32m  OK  [0m] Reached target Cloud-init target.

Ubuntu 16.04.7 LTS ubuntu-xenial ttyS0

ubuntu-xenial login: 